2025-11-08T00:09:01.861+04:00  WARN 38844 --- [order-service] [HikariPool-6 housekeeper] com.zaxxer.hikari.pool.HikariPool        : HikariPool-6 - Thread starvation or clock leap detected (housekeeper delta=7m4s659ms105µs900ns).
2025-11-08T00:09:41.944+04:00  INFO 38844 --- [order-service] [AsyncResolver-bootstrap-executor-%d] c.n.d.s.r.aws.ConfigClusterResolver      : Resolving eureka endpoints via configuration
2025-11-08T00:14:41.961+04:00  INFO 38844 --- [order-service] [AsyncResolver-bootstrap-executor-%d] c.n.d.s.r.aws.ConfigClusterResolver      : Resolving eureka endpoints via configuration
2025-11-08T00:19:41.970+04:00  INFO 38844 --- [order-service] [AsyncResolver-bootstrap-executor-%d] c.n.d.s.r.aws.ConfigClusterResolver      : Resolving eureka endpoints via configuration
2025-11-08T00:24:41.976+04:00  INFO 38844 --- [order-service] [AsyncResolver-bootstrap-executor-%d] c.n.d.s.r.aws.ConfigClusterResolver      : Resolving eureka endpoints via configuration
2025-11-08T00:28:28.583+04:00  WARN 38844 --- [order-service] [HikariPool-6 housekeeper] com.zaxxer.hikari.pool.HikariPool        : HikariPool-6 - Thread starvation or clock leap detected (housekeeper delta=2m56s460ms375µs800ns).
2025-11-08T00:32:08.436+04:00  INFO 38844 --- [order-service] [AsyncResolver-bootstrap-executor-%d] c.n.d.s.r.aws.ConfigClusterResolver      : Resolving eureka endpoints via configuration
2025-11-08T00:37:08.438+04:00  INFO 38844 --- [order-service] [AsyncResolver-bootstrap-executor-%d] c.n.d.s.r.aws.ConfigClusterResolver      : Resolving eureka endpoints via configuration
2025-11-08T00:42:08.445+04:00  INFO 38844 --- [order-service] [AsyncResolver-bootstrap-executor-%d] c.n.d.s.r.aws.ConfigClusterResolver      : Resolving eureka endpoints via configuration
2025-11-08T00:42:37.279+04:00  INFO 38844 --- [order-service] [File Watcher] rtingClassPathChangeChangedEventListener : Restarting due to 34 class path changes (0 additions, 28 deletions, 6 modifications)
2025-11-08T00:42:37.284+04:00  INFO 38844 --- [order-service] [Thread-35] o.s.c.n.e.s.EurekaServiceRegistry        : Unregistering application ORDER-SERVICE with eureka with status DOWN
2025-11-08T00:42:37.285+04:00  INFO 38844 --- [order-service] [Thread-35] com.netflix.discovery.DiscoveryClient    : Saw local status change event StatusChangeEvent [timestamp=1762548157285, current=DOWN, previous=UP]
2025-11-08T00:42:37.286+04:00  INFO 38844 --- [order-service] [DiscoveryClient-InstanceInfoReplicator-%d] com.netflix.discovery.DiscoveryClient    : DiscoveryClient_ORDER-SERVICE/host.docker.internal:order-service:8082: registering service...
2025-11-08T00:42:37.321+04:00  INFO 38844 --- [order-service] [DiscoveryClient-InstanceInfoReplicator-%d] com.netflix.discovery.DiscoveryClient    : DiscoveryClient_ORDER-SERVICE/host.docker.internal:order-service:8082 - registration status: 204
2025-11-08T00:42:37.334+04:00  INFO 38844 --- [order-service] [Thread-35] j.LocalContainerEntityManagerFactoryBean : Closing JPA EntityManagerFactory for persistence unit 'default'
2025-11-08T00:42:37.340+04:00  INFO 38844 --- [order-service] [Thread-35] com.zaxxer.hikari.HikariDataSource       : HikariPool-6 - Shutdown initiated...
2025-11-08T00:42:37.346+04:00  INFO 38844 --- [order-service] [Thread-35] com.zaxxer.hikari.HikariDataSource       : HikariPool-6 - Shutdown completed.
2025-11-08T00:42:37.351+04:00  INFO 38844 --- [order-service] [Thread-35] com.netflix.discovery.DiscoveryClient    : Shutting down DiscoveryClient ...
2025-11-08T00:42:40.357+04:00  INFO 38844 --- [order-service] [Thread-35] com.netflix.discovery.DiscoveryClient    : Unregistering ...
2025-11-08T00:42:40.376+04:00  INFO 38844 --- [order-service] [Thread-35] com.netflix.discovery.DiscoveryClient    : DiscoveryClient_ORDER-SERVICE/host.docker.internal:order-service:8082 - deregister  status: 200
2025-11-08T00:42:40.376+04:00  INFO 38844 --- [order-service] [Thread-35] com.netflix.discovery.DiscoveryClient    : Completed shut down of DiscoveryClient
2025-11-08T00:42:40.688+04:00  INFO 38844 --- [order-service] [restartedMain] a.p.o.OrderServiceApplication            : Starting OrderServiceApplication using Java 21.0.9 with PID 38844 (D:\Presight\order-management-module\order-service\target\classes started by karthikeyan in D:\Presight\order-management-module\order-service)
2025-11-08T00:42:40.688+04:00 DEBUG 38844 --- [order-service] [restartedMain] a.p.o.OrderServiceApplication            : Running with Spring Boot v3.3.4, Spring v6.1.13
2025-11-08T00:42:40.688+04:00  INFO 38844 --- [order-service] [restartedMain] a.p.o.OrderServiceApplication            : No active profile set, falling back to 1 default profile: "default"
2025-11-08T00:42:41.597+04:00  INFO 38844 --- [order-service] [restartedMain] .s.d.r.c.RepositoryConfigurationDelegate : Bootstrapping Spring Data JPA repositories in DEFAULT mode.
2025-11-08T00:42:41.627+04:00  INFO 38844 --- [order-service] [restartedMain] .s.d.r.c.RepositoryConfigurationDelegate : Finished Spring Data repository scanning in 29 ms. Found 2 JPA repository interfaces.
2025-11-08T00:42:41.845+04:00  INFO 38844 --- [order-service] [restartedMain] o.s.cloud.context.scope.GenericScope     : BeanFactory id=93817bc8-d5ff-3460-9da3-ec341d0943d1
2025-11-08T00:42:41.970+04:00  WARN 38844 --- [order-service] [restartedMain] trationDelegate$BeanPostProcessorChecker : Bean 'org.springframework.cloud.client.loadbalancer.LoadBalancerAutoConfiguration$DeferringLoadBalancerInterceptorConfig' of type [org.springframework.cloud.client.loadbalancer.LoadBalancerAutoConfiguration$DeferringLoadBalancerInterceptorConfig] is not eligible for getting processed by all BeanPostProcessors (for example: not eligible for auto-proxying). The currently created BeanPostProcessor [lbRestClientPostProcessor] is declared through a non-static factory method on that class; consider declaring it as static instead.
2025-11-08T00:42:41.974+04:00  WARN 38844 --- [order-service] [restartedMain] trationDelegate$BeanPostProcessorChecker : Bean 'deferringLoadBalancerInterceptor' of type [org.springframework.cloud.client.loadbalancer.DeferringLoadBalancerInterceptor] is not eligible for getting processed by all BeanPostProcessors (for example: not eligible for auto-proxying). Is this bean getting eagerly injected into a currently created BeanPostProcessor [lbRestClientPostProcessor]? Check the corresponding BeanPostProcessor declaration and its dependencies.
2025-11-08T00:42:42.201+04:00  INFO 38844 --- [order-service] [restartedMain] o.s.b.w.embedded.tomcat.TomcatWebServer  : Tomcat initialized with port 8082 (http)
2025-11-08T00:42:42.205+04:00  INFO 38844 --- [order-service] [restartedMain] o.apache.catalina.core.StandardService   : Starting service [Tomcat]
2025-11-08T00:42:42.205+04:00  INFO 38844 --- [order-service] [restartedMain] o.apache.catalina.core.StandardEngine    : Starting Servlet engine: [Apache Tomcat/10.1.30]
2025-11-08T00:42:42.289+04:00  INFO 38844 --- [order-service] [restartedMain] o.a.c.c.C.[Tomcat].[localhost].[/]       : Initializing Spring embedded WebApplicationContext
2025-11-08T00:42:42.289+04:00  INFO 38844 --- [order-service] [restartedMain] w.s.c.ServletWebServerApplicationContext : Root WebApplicationContext: initialization completed in 1593 ms
2025-11-08T00:42:42.561+04:00 DEBUG 38844 --- [order-service] [restartedMain] a.p.orderservice.security.JwtAuthFilter  : Filter 'jwtAuthFilter' configured for use
2025-11-08T00:42:42.711+04:00  INFO 38844 --- [order-service] [restartedMain] o.hibernate.jpa.internal.util.LogHelper  : HHH000204: Processing PersistenceUnitInfo [name: default]
2025-11-08T00:42:42.717+04:00  INFO 38844 --- [order-service] [restartedMain] o.h.c.internal.RegionFactoryInitiator    : HHH000026: Second-level cache disabled
2025-11-08T00:42:42.743+04:00  INFO 38844 --- [order-service] [restartedMain] o.s.o.j.p.SpringPersistenceUnitInfo      : No LoadTimeWeaver setup: ignoring JPA class transformer
2025-11-08T00:42:42.745+04:00  INFO 38844 --- [order-service] [restartedMain] com.zaxxer.hikari.HikariDataSource       : HikariPool-7 - Starting...
2025-11-08T00:42:42.822+04:00  INFO 38844 --- [order-service] [restartedMain] com.zaxxer.hikari.pool.HikariPool        : HikariPool-7 - Added connection org.postgresql.jdbc.PgConnection@661b05f4
2025-11-08T00:42:42.823+04:00  INFO 38844 --- [order-service] [restartedMain] com.zaxxer.hikari.HikariDataSource       : HikariPool-7 - Start completed.
2025-11-08T00:42:42.835+04:00  WARN 38844 --- [order-service] [restartedMain] org.hibernate.orm.deprecation            : HHH90000025: PostgreSQLDialect does not need to be specified explicitly using 'hibernate.dialect' (remove the property setting and it will be selected by default)
2025-11-08T00:42:42.983+04:00  INFO 38844 --- [order-service] [restartedMain] o.h.e.t.j.p.i.JtaPlatformInitiator       : HHH000489: No JTA platform available (set 'hibernate.transaction.jta.platform' to enable JTA platform integration)
2025-11-08T00:42:43.031+04:00  INFO 38844 --- [order-service] [restartedMain] j.LocalContainerEntityManagerFactoryBean : Initialized JPA EntityManagerFactory for persistence unit 'default'
2025-11-08T00:42:43.342+04:00  WARN 38844 --- [order-service] [restartedMain] JpaBaseConfiguration$JpaWebConfiguration : spring.jpa.open-in-view is enabled by default. Therefore, database queries may be performed during view rendering. Explicitly configure spring.jpa.open-in-view to disable this warning
2025-11-08T00:42:43.456+04:00  WARN 38844 --- [order-service] [restartedMain] o.s.b.d.a.OptionalLiveReloadServer       : Unable to start LiveReload server
2025-11-08T00:42:43.663+04:00  INFO 38844 --- [order-service] [restartedMain] r$InitializeUserDetailsManagerConfigurer : Global AuthenticationManager configured with UserDetailsService bean with name inMemoryUserDetailsManager
2025-11-08T00:42:44.123+04:00  INFO 38844 --- [order-service] [restartedMain] o.s.b.a.e.web.EndpointLinksResolver      : Exposing 2 endpoints beneath base path '/actuator'
2025-11-08T00:42:44.562+04:00  INFO 38844 --- [order-service] [restartedMain] DiscoveryClientOptionalArgsConfiguration : Eureka HTTP Client uses RestTemplate.
2025-11-08T00:42:44.597+04:00  WARN 38844 --- [order-service] [restartedMain] iguration$LoadBalancerCaffeineWarnLogger : Spring Cloud LoadBalancer is currently working with the default cache. While this cache implementation is useful for development and tests, it's recommended to use Caffeine cache in production.You can switch to using Caffeine cache, by adding it and org.springframework.cache.caffeine.CaffeineCacheManager to the classpath.
2025-11-08T00:42:44.653+04:00  INFO 38844 --- [order-service] [restartedMain] o.s.c.n.eureka.InstanceInfoFactory       : Setting initial instance status as: STARTING
2025-11-08T00:42:44.658+04:00  INFO 38844 --- [order-service] [restartedMain] com.netflix.discovery.DiscoveryClient    : Initializing Eureka in region us-east-1
2025-11-08T00:42:44.660+04:00  INFO 38844 --- [order-service] [restartedMain] c.n.d.s.r.aws.ConfigClusterResolver      : Resolving eureka endpoints via configuration
2025-11-08T00:42:44.660+04:00  INFO 38844 --- [order-service] [restartedMain] com.netflix.discovery.DiscoveryClient    : Disable delta property : false
2025-11-08T00:42:44.660+04:00  INFO 38844 --- [order-service] [restartedMain] com.netflix.discovery.DiscoveryClient    : Single vip registry refresh property : null
2025-11-08T00:42:44.660+04:00  INFO 38844 --- [order-service] [restartedMain] com.netflix.discovery.DiscoveryClient    : Force full registry fetch : false
2025-11-08T00:42:44.660+04:00  INFO 38844 --- [order-service] [restartedMain] com.netflix.discovery.DiscoveryClient    : Application is null : false
2025-11-08T00:42:44.660+04:00  INFO 38844 --- [order-service] [restartedMain] com.netflix.discovery.DiscoveryClient    : Registered Applications size is zero : true
2025-11-08T00:42:44.660+04:00  INFO 38844 --- [order-service] [restartedMain] com.netflix.discovery.DiscoveryClient    : Application version is -1: true
2025-11-08T00:42:44.660+04:00  INFO 38844 --- [order-service] [restartedMain] com.netflix.discovery.DiscoveryClient    : Getting all instance registry info from the eureka server
2025-11-08T00:42:44.697+04:00  INFO 38844 --- [order-service] [restartedMain] com.netflix.discovery.DiscoveryClient    : The response status is 200
2025-11-08T00:42:44.698+04:00  INFO 38844 --- [order-service] [restartedMain] com.netflix.discovery.DiscoveryClient    : Starting heartbeat executor: renew interval is: 30
2025-11-08T00:42:44.699+04:00  INFO 38844 --- [order-service] [restartedMain] c.n.discovery.InstanceInfoReplicator     : InstanceInfoReplicator onDemand update allowed rate per min is 4
2025-11-08T00:42:44.699+04:00  INFO 38844 --- [order-service] [restartedMain] com.netflix.discovery.DiscoveryClient    : Discovery Client initialized at timestamp 1762548164699 with initial instances count: 3
2025-11-08T00:42:44.706+04:00  INFO 38844 --- [order-service] [restartedMain] o.s.c.n.e.s.EurekaServiceRegistry        : Registering application ORDER-SERVICE with eureka with status UP
2025-11-08T00:42:44.707+04:00  INFO 38844 --- [order-service] [restartedMain] com.netflix.discovery.DiscoveryClient    : Saw local status change event StatusChangeEvent [timestamp=1762548164707, current=UP, previous=STARTING]
2025-11-08T00:42:44.707+04:00  INFO 38844 --- [order-service] [DiscoveryClient-InstanceInfoReplicator-%d] com.netflix.discovery.DiscoveryClient    : DiscoveryClient_ORDER-SERVICE/LAPTOP-QGD12J1D.mshome.net:order-service:8082: registering service...
2025-11-08T00:42:44.712+04:00  INFO 38844 --- [order-service] [restartedMain] o.s.b.w.embedded.tomcat.TomcatWebServer  : Tomcat started on port 8082 (http) with context path '/'
2025-11-08T00:42:44.712+04:00  INFO 38844 --- [order-service] [restartedMain] .s.c.n.e.s.EurekaAutoServiceRegistration : Updating port to 8082
2025-11-08T00:42:44.719+04:00  INFO 38844 --- [order-service] [DiscoveryClient-InstanceInfoReplicator-%d] com.netflix.discovery.DiscoveryClient    : DiscoveryClient_ORDER-SERVICE/LAPTOP-QGD12J1D.mshome.net:order-service:8082 - registration status: 204
2025-11-08T00:42:44.732+04:00  INFO 38844 --- [order-service] [restartedMain] a.p.o.OrderServiceApplication            : Started OrderServiceApplication in 4.178 seconds (process running for 14741.768)
2025-11-08T00:42:44.735+04:00  INFO 38844 --- [order-service] [restartedMain] .ConditionEvaluationDeltaLoggingListener : Condition evaluation unchanged
2025-11-08T00:47:44.673+04:00  INFO 38844 --- [order-service] [AsyncResolver-bootstrap-executor-%d] c.n.d.s.r.aws.ConfigClusterResolver      : Resolving eureka endpoints via configuration
2025-11-08T00:52:44.687+04:00  INFO 38844 --- [order-service] [AsyncResolver-bootstrap-executor-%d] c.n.d.s.r.aws.ConfigClusterResolver      : Resolving eureka endpoints via configuration
